<?xml version="1.0" encoding="UTF-8"?>
<!-- Generated by org.testng.reporters.JUnitXMLReporter -->
<testsuite hostname="CMLMRATHNAYAKA" ignored="0" name="Test" tests="5" failures="0" timestamp="2019-12-12T16:57:11 IST" time="76.739" errors="0">
  <testcase name="TestRegistration" time="7.673" classname="Test.VerifyRegistration"/>
  <testcase name="testSingin" time="8.18" classname="Test.VerifySingin"/>
  <testcase name="TestFlightBooking" time="9.214" classname="Test.VerifyFlightBooking"/>
  <testcase name="TestCruises" time="1.445" classname="Test.VerifyCruises"/>
  <testcase name="TestBrockenLinks" time="8.956" classname="Test.VerifyBrockenLinks"/>
</testsuite> <!-- Test -->
