<?xml version="1.0" encoding="UTF-8"?>
<testng-results skipped="0" failed="0" ignored="0" total="1" passed="1">
  <reporter-output>
  </reporter-output>
  <suite name="Default suite" duration-ms="13436" started-at="2019-12-12T17:08:16 IST" finished-at="2019-12-12T17:08:30 IST">
    <groups>
    </groups>
    <test name="Default test" duration-ms="13436" started-at="2019-12-12T17:08:16 IST" finished-at="2019-12-12T17:08:30 IST">
      <class name="Test.VerifyRegistration">
        <test-method status="PASS" signature="launch()[pri:0, instance:Test.VerifyRegistration@2b2948e2]" name="launch" is-config="true" duration-ms="7744" started-at="2019-12-12T17:08:16 IST" finished-at="2019-12-12T17:08:24 IST">
          <reporter-output>
          </reporter-output>
        </test-method> <!-- launch -->
        <test-method status="PASS" signature="TestRegistration()[pri:0, instance:Test.VerifyRegistration@2b2948e2]" name="TestRegistration" duration-ms="5587" started-at="2019-12-12T17:08:24 IST" finished-at="2019-12-12T17:08:30 IST">
          <reporter-output>
          </reporter-output>
        </test-method> <!-- TestRegistration -->
        <test-method status="PASS" signature="close()[pri:0, instance:Test.VerifyRegistration@2b2948e2]" name="close" is-config="true" duration-ms="53" started-at="2019-12-12T17:08:30 IST" finished-at="2019-12-12T17:08:30 IST">
          <reporter-output>
          </reporter-output>
        </test-method> <!-- close -->
      </class> <!-- Test.VerifyRegistration -->
    </test> <!-- Default test -->
  </suite> <!-- Default suite -->
</testng-results>
